<?xml version="1.0" encoding="UTF-8"?>
<testng-results skipped="0" failed="0" ignored="0" total="1" passed="1">
  <reporter-output>
  </reporter-output>
  <suite name="Default suite" duration-ms="9707" started-at="2018-05-26T05:28:37Z" finished-at="2018-05-26T05:28:46Z">
    <groups>
    </groups>
    <test name="Default test" duration-ms="9707" started-at="2018-05-26T05:28:37Z" finished-at="2018-05-26T05:28:46Z">
      <class name="newProgram001.newGitProgram001">
        <test-method status="PASS" signature="display()[pri:0, instance:newProgram001.newGitProgram001@548a9f61]" name="display" duration-ms="9681" started-at="2018-05-26T05:28:37Z" finished-at="2018-05-26T05:28:46Z">
          <reporter-output>
          </reporter-output>
        </test-method> <!-- display -->
      </class> <!-- newProgram001.newGitProgram001 -->
    </test> <!-- Default test -->
  </suite> <!-- Default suite -->
</testng-results>
